> Start Eclipse IDE UI Application [org.eclipse.ui.ide.application 1.3.700.v20200525-1456]
> Start Eclipse e4 Workbench SWT [org.eclipse.e4.ui.workbench.swt 0.14.1000.v20200514-1625]
> Start Eclipse Application Services [org.eclipse.e4.core.services 2.2.300.v20200422-1846]
> Start Eclipse Contexts [org.eclipse.e4.core.contexts 1.8.400.v20191217-1710]
> Start Eclipse UI Application Services [org.eclipse.e4.ui.services 1.3.700.v20190930-1643]
> Start ICU4J Base [com.ibm.icu.base 58.2.0.v20170418-1837]
> Start EMF Common [org.eclipse.emf.common 2.19.0.v20200324-0932]
> Start EMF Ecore [org.eclipse.emf.ecore 2.22.0.v20200519-1135]
> Start EMF XML/XMI Persistence [org.eclipse.emf.ecore.xmi 2.16.0.v20190528-0725]
> Start Eclipse UI Dependency Injection [org.eclipse.e4.ui.di 1.2.800.v20200128-0855]
> Start Eclipse e4 Workbench Add-ons [org.eclipse.e4.ui.workbench.addons.swt 1.3.1000.v20200517-1848]
> Start Expression Language [org.eclipse.core.expressions 3.6.800.v20200319-0911]
> Start Eclipse e4 Workbench SWT Renderer [org.eclipse.e4.ui.workbench.renderers.swt 0.14.1200.v20200529-1321]
> Start Eclipse Bindings Support [org.eclipse.e4.ui.bindings 0.12.900.v20200513-0930]
> Start Eclipse Dependency Injection Extensions [org.eclipse.e4.core.di.extensions 0.16.0.v20200507-0938]
> Start Eclipse CSS SWT Support [org.eclipse.e4.ui.css.swt 0.13.1000.v20200525-0806]
> Start Eclipse CSS SWT Theme Support [org.eclipse.e4.ui.css.swt.theme 0.12.700.v20200527-0719]
> Start DBeaver UI [org.jkiss.dbeaver.ui 5.1.51.202007122053]
> Start Help System Core [org.eclipse.help 3.8.800.v20200525-0755]
> Start DBeaver UI Editors - Base [org.jkiss.dbeaver.ui.editors.base 1.0.36.202007122053]
> Start Default Text Editor [org.eclipse.ui.editors 3.13.200.v20200501-2307]
> Start Text Editor Framework [org.eclipse.ui.workbench.texteditor 3.14.200.v20200421-1954]
> Start File Buffers [org.eclipse.core.filebuffers 3.6.1000.v20200409-1035]
> Start Equinox Provisioning Platform Automatic Update Support [org.eclipse.equinox.p2.ui.sdk.scheduler 1.4.700.v20200511-1530]
> Start Equinox Provisioning Metadata [org.eclipse.equinox.p2.metadata 2.5.0.v20200511-1530]
> Start Equinox Provisioning Update Checker [org.eclipse.equinox.p2.updatechecker 1.2.300.v20200222-1600]
> Start DBeaver SQL Model [org.jkiss.dbeaver.model.sql 1.0.26.202007122053]
> Start DBeaver UI Editors - SQL [org.jkiss.dbeaver.ui.editors.sql 1.0.36.202007122053]
> Start DBeaver UI Editors - Data [org.jkiss.dbeaver.ui.editors.data 1.0.36.202007122053]
> Start DBeaver Sample Database [org.jkiss.dbeaver.ext.sample.database 1.0.73.202007122053]
> Start DBeaver Tip of the day [org.jkiss.dbeaver.ext.ui.tipoftheday 1.0.42.202007122053]
> Start DBeaver ER Diagram [org.jkiss.dbeaver.ext.erd 2.0.138.202007122053]
> Start Team Support Core [org.eclipse.team.core 3.8.1000.v20200428-1255]
> Start DBeaver PostgreSQL Support [org.jkiss.dbeaver.ext.postgresql 2.1.109.202007122053]
> Start Equinox Provisioning Core [org.eclipse.equinox.p2.core 2.6.300.v20200211-1504]
> Start Equinox Provisioning Engine [org.eclipse.equinox.p2.engine 2.6.700.v20200511-1530]
> Start Equinox Provisioning Metadata Repository [org.eclipse.equinox.p2.metadata.repository 1.3.400.v20191211-1528]
> Start Equinox Provisioning Repository [org.eclipse.equinox.p2.repository 2.4.700.v20200110-2121]
> Start Equinox Provisioning UI Support [org.eclipse.equinox.p2.ui 2.6.0.v20200602-1138]
> Start Core Compare Support [org.eclipse.compare.core 3.6.900.v20200412-2017]
> Start Console [org.eclipse.ui.console 3.9.200.v20200511-1122]
